2016-10-25 09:20:57,501  INFO Application:48 - Starting Application on feizi-PC with PID 4812 (E:\idea_workspace\spring-boot-learning\Chapter18\target\classes started by feizi in E:\idea_workspace\spring-boot-learning)
2016-10-25 09:20:57,521 DEBUG Application:51 - Running with Spring Boot v1.3.3.RELEASE, Spring v4.2.5.RELEASE
2016-10-25 09:20:57,522  INFO Application:666 - No active profile set, falling back to default profiles: default
2016-10-25 09:20:57,818  INFO AnnotationConfigEmbeddedWebApplicationContext:578 - Refreshing org.springframework.boot.context.embedded.AnnotationConfigEmbeddedWebApplicationContext@38bc8ab5: startup date [Tue Oct 25 09:20:57 CST 2016]; root of context hierarchy
2016-10-25 09:20:59,361  INFO Version:30 - HV000001: Hibernate Validator 5.2.4.Final
2016-10-25 09:20:59,632  INFO DefaultListableBeanFactory:839 - Overriding bean definition for bean 'beanNameViewResolver' with a different definition: replacing [Root bean: class [null]; scope=; abstract=false; lazyInit=false; autowireMode=3; dependencyCheck=0; autowireCandidate=true; primary=false; factoryBeanName=org.springframework.boot.autoconfigure.web.ErrorMvcAutoConfiguration$WhitelabelErrorViewConfiguration; factoryMethodName=beanNameViewResolver; initMethodName=null; destroyMethodName=(inferred); defined in class path resource [org/springframework/boot/autoconfigure/web/ErrorMvcAutoConfiguration$WhitelabelErrorViewConfiguration.class]] with [Root bean: class [null]; scope=; abstract=false; lazyInit=false; autowireMode=3; dependencyCheck=0; autowireCandidate=true; primary=false; factoryBeanName=org.springframework.boot.autoconfigure.web.WebMvcAutoConfiguration$WebMvcAutoConfigurationAdapter; factoryMethodName=beanNameViewResolver; initMethodName=null; destroyMethodName=(inferred); defined in class path resource [org/springframework/boot/autoconfigure/web/WebMvcAutoConfiguration$WebMvcAutoConfigurationAdapter.class]]
2016-10-25 09:21:01,839  INFO TomcatEmbeddedServletContainer:81 - Tomcat initialized with port(s): 8080 (http)
2016-10-25 09:21:01,875  INFO StandardService:180 - Starting service Tomcat
2016-10-25 09:21:01,886  INFO StandardEngine:180 - Starting Servlet Engine: Apache Tomcat/8.0.32
2016-10-25 09:21:02,064  INFO [/]:180 - Initializing Spring embedded WebApplicationContext
2016-10-25 09:21:02,065  INFO ContextLoader:272 - Root WebApplicationContext: initialization completed in 4261 ms
2016-10-25 09:21:02,640  INFO ServletRegistrationBean:189 - Mapping servlet: 'dispatcherServlet' to [/]
2016-10-25 09:21:02,647  INFO FilterRegistrationBean:258 - Mapping filter: 'characterEncodingFilter' to: [/*]
2016-10-25 09:21:02,649  INFO FilterRegistrationBean:258 - Mapping filter: 'hiddenHttpMethodFilter' to: [/*]
2016-10-25 09:21:02,649  INFO FilterRegistrationBean:258 - Mapping filter: 'httpPutFormContentFilter' to: [/*]
2016-10-25 09:21:02,649  INFO FilterRegistrationBean:258 - Mapping filter: 'requestContextFilter' to: [/*]
2016-10-25 09:21:03,384  INFO RequestMappingHandlerAdapter:532 - Looking for @ControllerAdvice: org.springframework.boot.context.embedded.AnnotationConfigEmbeddedWebApplicationContext@38bc8ab5: startup date [Tue Oct 25 09:20:57 CST 2016]; root of context hierarchy
2016-10-25 09:21:03,510  INFO RequestMappingHandlerMapping:534 - Mapped "{[/hello],methods=[GET]}" onto public java.lang.String com.feizi.controller.HelloController.index(java.lang.String)
2016-10-25 09:21:03,514  INFO RequestMappingHandlerMapping:534 - Mapped "{[/error]}" onto public org.springframework.http.ResponseEntity<java.util.Map<java.lang.String, java.lang.Object>> org.springframework.boot.autoconfigure.web.BasicErrorController.error(javax.servlet.http.HttpServletRequest)
2016-10-25 09:21:03,515  INFO RequestMappingHandlerMapping:534 - Mapped "{[/error],produces=[text/html]}" onto public org.springframework.web.servlet.ModelAndView org.springframework.boot.autoconfigure.web.BasicErrorController.errorHtml(javax.servlet.http.HttpServletRequest,javax.servlet.http.HttpServletResponse)
2016-10-25 09:21:03,567  INFO SimpleUrlHandlerMapping:341 - Mapped URL path [/webjars/**] onto handler of type [class org.springframework.web.servlet.resource.ResourceHttpRequestHandler]
2016-10-25 09:21:03,568  INFO SimpleUrlHandlerMapping:341 - Mapped URL path [/**] onto handler of type [class org.springframework.web.servlet.resource.ResourceHttpRequestHandler]
2016-10-25 09:21:03,806  INFO SimpleUrlHandlerMapping:341 - Mapped URL path [/**/favicon.ico] onto handler of type [class org.springframework.web.servlet.resource.ResourceHttpRequestHandler]
2016-10-25 09:21:04,052  INFO AnnotationMBeanExporter:431 - Registering beans for JMX exposure on startup
2016-10-25 09:21:04,317  INFO Http11NioProtocol:180 - Initializing ProtocolHandler ["http-nio-8080"]
2016-10-25 09:21:04,345  INFO Http11NioProtocol:180 - Starting ProtocolHandler ["http-nio-8080"]
2016-10-25 09:21:04,360  INFO NioSelectorPool:180 - Using a shared selector for servlet write/read
2016-10-25 09:21:04,385  INFO TomcatEmbeddedServletContainer:162 - Tomcat started on port(s): 8080 (http)
2016-10-25 09:21:04,391  INFO Application:57 - Started Application in 8.412 seconds (JVM running for 9.262)
2016-10-25 09:21:25,980  INFO [/]:180 - Initializing Spring FrameworkServlet 'dispatcherServlet'
2016-10-25 09:21:25,981  INFO DispatcherServlet:488 - FrameworkServlet 'dispatcherServlet': initialization started
2016-10-25 09:21:26,012  INFO DispatcherServlet:507 - FrameworkServlet 'dispatcherServlet': initialization completed in 31 ms
2016-10-25 09:21:49,985  INFO WebLogAspect:49 - URL:http://localhost:8080/hello
2016-10-25 09:21:49,985  INFO WebLogAspect:50 - HTTP_METHOD:GET
2016-10-25 09:21:49,986  INFO WebLogAspect:51 - IP:0:0:0:0:0:0:0:1
2016-10-25 09:21:49,987  INFO WebLogAspect:52 - CLASS_METHOD:com.feizi.controller.HelloController.index
2016-10-25 09:21:49,988  INFO WebLogAspect:53 - ARGS:[feizi]
2016-10-25 09:21:50,003  INFO WebLogAspect:59 - RESPONSE:Hellofeizi
2016-10-25 09:21:50,004  INFO WebLogAspect:60 - SPEND TIME:20
2016-10-25 09:23:42,829  INFO Application:48 - Starting Application on feizi-PC with PID 7016 (E:\idea_workspace\spring-boot-learning\Chapter18\target\classes started by feizi in E:\idea_workspace\spring-boot-learning)
2016-10-25 09:23:42,834 DEBUG Application:51 - Running with Spring Boot v1.3.3.RELEASE, Spring v4.2.5.RELEASE
2016-10-25 09:23:42,835  INFO Application:666 - No active profile set, falling back to default profiles: default
2016-10-25 09:23:42,949  INFO AnnotationConfigEmbeddedWebApplicationContext:578 - Refreshing org.springframework.boot.context.embedded.AnnotationConfigEmbeddedWebApplicationContext@38bc8ab5: startup date [Tue Oct 25 09:23:42 CST 2016]; root of context hierarchy
2016-10-25 09:23:43,710  INFO Version:30 - HV000001: Hibernate Validator 5.2.4.Final
2016-10-25 09:23:45,042  INFO DefaultListableBeanFactory:839 - Overriding bean definition for bean 'beanNameViewResolver' with a different definition: replacing [Root bean: class [null]; scope=; abstract=false; lazyInit=false; autowireMode=3; dependencyCheck=0; autowireCandidate=true; primary=false; factoryBeanName=org.springframework.boot.autoconfigure.web.ErrorMvcAutoConfiguration$WhitelabelErrorViewConfiguration; factoryMethodName=beanNameViewResolver; initMethodName=null; destroyMethodName=(inferred); defined in class path resource [org/springframework/boot/autoconfigure/web/ErrorMvcAutoConfiguration$WhitelabelErrorViewConfiguration.class]] with [Root bean: class [null]; scope=; abstract=false; lazyInit=false; autowireMode=3; dependencyCheck=0; autowireCandidate=true; primary=false; factoryBeanName=org.springframework.boot.autoconfigure.web.WebMvcAutoConfiguration$WebMvcAutoConfigurationAdapter; factoryMethodName=beanNameViewResolver; initMethodName=null; destroyMethodName=(inferred); defined in class path resource [org/springframework/boot/autoconfigure/web/WebMvcAutoConfiguration$WebMvcAutoConfigurationAdapter.class]]
2016-10-25 09:23:46,584  INFO TomcatEmbeddedServletContainer:81 - Tomcat initialized with port(s): 8080 (http)
2016-10-25 09:23:46,601  INFO StandardService:180 - Starting service Tomcat
2016-10-25 09:23:46,602  INFO StandardEngine:180 - Starting Servlet Engine: Apache Tomcat/8.0.32
2016-10-25 09:23:46,750  INFO [/]:180 - Initializing Spring embedded WebApplicationContext
2016-10-25 09:23:46,751  INFO ContextLoader:272 - Root WebApplicationContext: initialization completed in 3808 ms
2016-10-25 09:23:47,279  INFO ServletRegistrationBean:189 - Mapping servlet: 'dispatcherServlet' to [/]
2016-10-25 09:23:47,287  INFO FilterRegistrationBean:258 - Mapping filter: 'characterEncodingFilter' to: [/*]
2016-10-25 09:23:47,288  INFO FilterRegistrationBean:258 - Mapping filter: 'hiddenHttpMethodFilter' to: [/*]
2016-10-25 09:23:47,288  INFO FilterRegistrationBean:258 - Mapping filter: 'httpPutFormContentFilter' to: [/*]
2016-10-25 09:23:47,289  INFO FilterRegistrationBean:258 - Mapping filter: 'requestContextFilter' to: [/*]
2016-10-25 09:23:47,781  INFO RequestMappingHandlerAdapter:532 - Looking for @ControllerAdvice: org.springframework.boot.context.embedded.AnnotationConfigEmbeddedWebApplicationContext@38bc8ab5: startup date [Tue Oct 25 09:23:42 CST 2016]; root of context hierarchy
2016-10-25 09:23:47,903  INFO RequestMappingHandlerMapping:534 - Mapped "{[/hello],methods=[GET]}" onto public java.lang.String com.feizi.controller.HelloController.index(java.lang.String)
2016-10-25 09:23:47,907  INFO RequestMappingHandlerMapping:534 - Mapped "{[/error]}" onto public org.springframework.http.ResponseEntity<java.util.Map<java.lang.String, java.lang.Object>> org.springframework.boot.autoconfigure.web.BasicErrorController.error(javax.servlet.http.HttpServletRequest)
2016-10-25 09:23:47,908  INFO RequestMappingHandlerMapping:534 - Mapped "{[/error],produces=[text/html]}" onto public org.springframework.web.servlet.ModelAndView org.springframework.boot.autoconfigure.web.BasicErrorController.errorHtml(javax.servlet.http.HttpServletRequest,javax.servlet.http.HttpServletResponse)
2016-10-25 09:23:48,002  INFO SimpleUrlHandlerMapping:341 - Mapped URL path [/webjars/**] onto handler of type [class org.springframework.web.servlet.resource.ResourceHttpRequestHandler]
2016-10-25 09:23:48,003  INFO SimpleUrlHandlerMapping:341 - Mapped URL path [/**] onto handler of type [class org.springframework.web.servlet.resource.ResourceHttpRequestHandler]
2016-10-25 09:23:48,077  INFO SimpleUrlHandlerMapping:341 - Mapped URL path [/**/favicon.ico] onto handler of type [class org.springframework.web.servlet.resource.ResourceHttpRequestHandler]
2016-10-25 09:23:48,268  INFO AnnotationMBeanExporter:431 - Registering beans for JMX exposure on startup
2016-10-25 09:23:48,311  INFO Http11NioProtocol:180 - Initializing ProtocolHandler ["http-nio-8080"]
2016-10-25 09:23:48,321  INFO Http11NioProtocol:180 - Starting ProtocolHandler ["http-nio-8080"]
2016-10-25 09:23:48,338  INFO NioSelectorPool:180 - Using a shared selector for servlet write/read
2016-10-25 09:23:48,362  INFO TomcatEmbeddedServletContainer:162 - Tomcat started on port(s): 8080 (http)
2016-10-25 09:23:48,369  INFO Application:57 - Started Application in 6.316 seconds (JVM running for 6.901)
2016-10-25 09:23:57,950  INFO [/]:180 - Initializing Spring FrameworkServlet 'dispatcherServlet'
2016-10-25 09:23:57,950  INFO DispatcherServlet:488 - FrameworkServlet 'dispatcherServlet': initialization started
2016-10-25 09:23:57,969  INFO DispatcherServlet:507 - FrameworkServlet 'dispatcherServlet': initialization completed in 19 ms
2016-10-25 09:23:58,012  INFO WebLogAspect:49 - URL:http://localhost:8080/hello
2016-10-25 09:23:58,013  INFO WebLogAspect:50 - HTTP_METHOD:GET
2016-10-25 09:23:58,014  INFO WebLogAspect:51 - IP:0:0:0:0:0:0:0:1
2016-10-25 09:23:58,015  INFO WebLogAspect:52 - HOST:0:0:0:0:0:0:0:1
2016-10-25 09:23:58,018  INFO WebLogAspect:53 - CLASS_METHOD:com.feizi.controller.HelloController.index
2016-10-25 09:23:58,018  INFO WebLogAspect:54 - ARGS:[feizi]
2016-10-25 09:23:58,030  INFO WebLogAspect:60 - RESPONSE:Hellofeizi
2016-10-25 09:23:58,031  INFO WebLogAspect:61 - SPEND TIME:19
