2016-10-25 09:20:57,501  INFO Application:48 ---- Starting Application on feizi-PC with PID 4812 (E:\idea_workspace\spring-boot-learning\Chapter18\target\classes started by feizi in E:\idea_workspace\spring-boot-learning)
2016-10-25 09:20:57,521 DEBUG Application:51 ---- Running with Spring Boot v1.3.3.RELEASE, Spring v4.2.5.RELEASE
2016-10-25 09:20:57,522  INFO Application:666 ---- No active profile set, falling back to default profiles: default
2016-10-25 09:21:04,391  INFO Application:57 ---- Started Application in 8.412 seconds (JVM running for 9.262)
2016-10-25 09:21:49,985  INFO WebLogAspect:49 ---- URL:http://localhost:8080/hello
2016-10-25 09:21:49,985  INFO WebLogAspect:50 ---- HTTP_METHOD:GET
2016-10-25 09:21:49,986  INFO WebLogAspect:51 ---- IP:0:0:0:0:0:0:0:1
2016-10-25 09:21:49,987  INFO WebLogAspect:52 ---- CLASS_METHOD:com.feizi.controller.HelloController.index
2016-10-25 09:21:49,988  INFO WebLogAspect:53 ---- ARGS:[feizi]
2016-10-25 09:21:50,003  INFO WebLogAspect:59 ---- RESPONSE:Hellofeizi
2016-10-25 09:21:50,004  INFO WebLogAspect:60 ---- SPEND TIME:20
2016-10-25 09:23:42,829  INFO Application:48 ---- Starting Application on feizi-PC with PID 7016 (E:\idea_workspace\spring-boot-learning\Chapter18\target\classes started by feizi in E:\idea_workspace\spring-boot-learning)
2016-10-25 09:23:42,834 DEBUG Application:51 ---- Running with Spring Boot v1.3.3.RELEASE, Spring v4.2.5.RELEASE
2016-10-25 09:23:42,835  INFO Application:666 ---- No active profile set, falling back to default profiles: default
2016-10-25 09:23:48,369  INFO Application:57 ---- Started Application in 6.316 seconds (JVM running for 6.901)
2016-10-25 09:23:58,012  INFO WebLogAspect:49 ---- URL:http://localhost:8080/hello
2016-10-25 09:23:58,013  INFO WebLogAspect:50 ---- HTTP_METHOD:GET
2016-10-25 09:23:58,014  INFO WebLogAspect:51 ---- IP:0:0:0:0:0:0:0:1
2016-10-25 09:23:58,015  INFO WebLogAspect:52 ---- HOST:0:0:0:0:0:0:0:1
2016-10-25 09:23:58,018  INFO WebLogAspect:53 ---- CLASS_METHOD:com.feizi.controller.HelloController.index
2016-10-25 09:23:58,018  INFO WebLogAspect:54 ---- ARGS:[feizi]
2016-10-25 09:23:58,030  INFO WebLogAspect:60 ---- RESPONSE:Hellofeizi
2016-10-25 09:23:58,031  INFO WebLogAspect:61 ---- SPEND TIME:19
